[21:53:11] [Server thread/INFO]: Starting minecraft server version 1.8.7
[21:53:11] [Server thread/INFO]: Loading properties
[21:53:11] [Server thread/INFO]: Default game type: SURVIVAL
[21:53:11] [Server thread/INFO]: Generating keypair
[21:53:12] [Server thread/INFO]: Starting Minecraft server on *:25565
[21:53:12] [Server thread/INFO]: Using default channel type
[21:53:12] [Server thread/INFO]: Preparing level "world"
[21:53:13] [Server thread/INFO]: Preparing start region for level 0
[21:53:15] [Server thread/INFO]: Preparing spawn area: 0%
[21:53:16] [Server thread/INFO]: Preparing spawn area: 0%
[21:53:17] [Server thread/INFO]: Preparing spawn area: 11%
[21:53:18] [Server thread/INFO]: Preparing spawn area: 38%
[21:53:19] [Server thread/INFO]: Preparing spawn area: 68%
[21:53:20] [Server thread/INFO]: Done (7.283s)! For help, type "help" or "?"
[21:53:30] [Server thread/WARN]: Can't keep up! Did the system time change, or is the server overloaded? Running 2188ms behind, skipping 43 tick(s)
[21:53:39] [User Authenticator #1/INFO]: UUID of player tapickell is f06d86fb-fa52-44cd-b0f5-cd0e13d99d13
[21:53:39] [Server thread/INFO]: tapickell[/192.168.0.104:65271] logged in with entity id 135 at (-907.4995423203899, 106.0, -530.1774031618149)
[21:53:39] [Server thread/INFO]: tapickell joined the game
[21:53:54] [Server thread/WARN]: Can't keep up! Did the system time change, or is the server overloaded? Running 8659ms behind, skipping 173 tick(s)
[21:54:07] [Server thread/WARN]: Can't keep up! Did the system time change, or is the server overloaded? Running 3713ms behind, skipping 74 tick(s)
[21:54:15] [Server thread/WARN]: Time ran backwards! Did the system time change?
[21:55:20] [Server thread/WARN]: Can't keep up! Did the system time change, or is the server overloaded? Running 2017ms behind, skipping 40 tick(s)
[21:56:37] [Server thread/WARN]: Can't keep up! Did the system time change, or is the server overloaded? Running 2605ms behind, skipping 52 tick(s)
[22:17:59] [Server thread/WARN]: Can't keep up! Did the system time change, or is the server overloaded? Running 2609ms behind, skipping 52 tick(s)
[22:18:26] [Server thread/WARN]: Can't keep up! Did the system time change, or is the server overloaded? Running 7621ms behind, skipping 152 tick(s)
[22:18:37] [User Authenticator #2/INFO]: UUID of player ratchetweave92 is a6fd75a2-4d21-4e4a-b04c-60fad540ecae
[22:18:37] [Server thread/INFO]: ratchetweave92[/127.0.0.1:49609] logged in with entity id 32717 at (-955.5333176024361, 55.0, -699.1397544496416)
[22:18:37] [Server thread/INFO]: ratchetweave92 joined the game
[22:18:41] [Server thread/WARN]: Can't keep up! Did the system time change, or is the server overloaded? Running 4294ms behind, skipping 85 tick(s)
[22:19:11] [Server thread/WARN]: Can't keep up! Did the system time change, or is the server overloaded? Running 12116ms behind, skipping 242 tick(s)
[22:19:24] [Server thread/WARN]: Can't keep up! Did the system time change, or is the server overloaded? Running 6070ms behind, skipping 121 tick(s)
[22:19:39] [Server thread/WARN]: Can't keep up! Did the system time change, or is the server overloaded? Running 3910ms behind, skipping 78 tick(s)
[22:19:57] [Server thread/WARN]: Can't keep up! Did the system time change, or is the server overloaded? Running 4066ms behind, skipping 81 tick(s)
[22:20:15] [Server thread/WARN]: Can't keep up! Did the system time change, or is the server overloaded? Running 4232ms behind, skipping 84 tick(s)
[22:20:32] [Server thread/WARN]: Can't keep up! Did the system time change, or is the server overloaded? Running 3919ms behind, skipping 78 tick(s)
[22:20:52] [Server thread/WARN]: Can't keep up! Did the system time change, or is the server overloaded? Running 8416ms behind, skipping 168 tick(s)
[22:21:08] [Server thread/WARN]: Can't keep up! Did the system time change, or is the server overloaded? Running 5665ms behind, skipping 113 tick(s)
[22:21:25] [Server thread/WARN]: Can't keep up! Did the system time change, or is the server overloaded? Running 3955ms behind, skipping 79 tick(s)
[22:21:44] [Server thread/WARN]: Can't keep up! Did the system time change, or is the server overloaded? Running 4742ms behind, skipping 94 tick(s)
[22:22:01] [Server thread/WARN]: Can't keep up! Did the system time change, or is the server overloaded? Running 3908ms behind, skipping 78 tick(s)
[22:22:19] [Server thread/WARN]: Can't keep up! Did the system time change, or is the server overloaded? Running 3896ms behind, skipping 77 tick(s)
[22:22:36] [Server thread/WARN]: Can't keep up! Did the system time change, or is the server overloaded? Running 4071ms behind, skipping 81 tick(s)
[22:22:59] [Server thread/WARN]: Can't keep up! Did the system time change, or is the server overloaded? Running 7996ms behind, skipping 159 tick(s)
[22:23:14] [Server thread/WARN]: Can't keep up! Did the system time change, or is the server overloaded? Running 5503ms behind, skipping 110 tick(s)
[22:23:30] [Server thread/WARN]: Can't keep up! Did the system time change, or is the server overloaded? Running 5227ms behind, skipping 104 tick(s)
[22:23:44] [Server thread/WARN]: Can't keep up! Did the system time change, or is the server overloaded? Running 3660ms behind, skipping 73 tick(s)
[22:23:58] [Server thread/WARN]: Can't keep up! Did the system time change, or is the server overloaded? Running 2694ms behind, skipping 53 tick(s)
[22:24:19] [Server thread/WARN]: Can't keep up! Did the system time change, or is the server overloaded? Running 6414ms behind, skipping 128 tick(s)
[22:24:32] [Server thread/WARN]: Can't keep up! Did the system time change, or is the server overloaded? Running 4127ms behind, skipping 82 tick(s)
[22:24:55] [Server thread/WARN]: Can't keep up! Did the system time change, or is the server overloaded? Running 6993ms behind, skipping 139 tick(s)
[22:25:09] [Server thread/WARN]: Can't keep up! Did the system time change, or is the server overloaded? Running 4231ms behind, skipping 84 tick(s)
[22:25:31] [Server thread/WARN]: Can't keep up! Did the system time change, or is the server overloaded? Running 8537ms behind, skipping 170 tick(s)
[22:25:46] [Server thread/INFO]: [ratchetweave92: Teleported ratchetweave92 to tapickell]
[22:25:48] [Server thread/WARN]: Can't keep up! Did the system time change, or is the server overloaded? Running 6470ms behind, skipping 129 tick(s)
[22:26:15] [Server thread/WARN]: Can't keep up! Did the system time change, or is the server overloaded? Running 14530ms behind, skipping 290 tick(s)
[22:26:20] [Server thread/WARN]: Can't keep up! Did the system time change, or is the server overloaded? Running 2560ms behind, skipping 51 tick(s)
[22:26:38] [Server thread/WARN]: Can't keep up! Did the system time change, or is the server overloaded? Running 6011ms behind, skipping 120 tick(s)
[22:27:06] [Server thread/WARN]: Can't keep up! Did the system time change, or is the server overloaded? Running 17747ms behind, skipping 354 tick(s)
[22:27:27] [Server thread/WARN]: Can't keep up! Did the system time change, or is the server overloaded? Running 21008ms behind, skipping 420 tick(s)
[22:27:30] [Server thread/WARN]: Can't keep up! Did the system time change, or is the server overloaded? Running 3053ms behind, skipping 61 tick(s)
[22:27:55] [Server thread/WARN]: Can't keep up! Did the system time change, or is the server overloaded? Running 9987ms behind, skipping 199 tick(s)
[22:28:08] [Server thread/WARN]: Can't keep up! Did the system time change, or is the server overloaded? Running 6220ms behind, skipping 124 tick(s)
[22:28:25] [Server thread/WARN]: Can't keep up! Did the system time change, or is the server overloaded? Running 8555ms behind, skipping 171 tick(s)
[22:28:51] [Server thread/WARN]: Can't keep up! Did the system time change, or is the server overloaded? Running 13896ms behind, skipping 277 tick(s)
[22:29:06] [Server thread/WARN]: Can't keep up! Did the system time change, or is the server overloaded? Running 9693ms behind, skipping 193 tick(s)
[22:29:26] [Server thread/WARN]: Can't keep up! Did the system time change, or is the server overloaded? Running 10685ms behind, skipping 213 tick(s)
[22:29:46] [Server thread/WARN]: Can't keep up! Did the system time change, or is the server overloaded? Running 10482ms behind, skipping 209 tick(s)
[22:30:06] [Server thread/WARN]: Can't keep up! Did the system time change, or is the server overloaded? Running 9346ms behind, skipping 186 tick(s)
[22:30:21] [Server thread/WARN]: Can't keep up! Did the system time change, or is the server overloaded? Running 7664ms behind, skipping 153 tick(s)
[22:30:36] [Server thread/WARN]: Can't keep up! Did the system time change, or is the server overloaded? Running 7373ms behind, skipping 147 tick(s)
[22:30:39] [Server thread/INFO]: [tapickell: Teleported tapickell to ratchetweave92]
[22:30:48] [Server thread/WARN]: Can't keep up! Did the system time change, or is the server overloaded? Running 3121ms behind, skipping 62 tick(s)
[22:31:05] [Server thread/WARN]: Can't keep up! Did the system time change, or is the server overloaded? Running 3191ms behind, skipping 63 tick(s)
[22:33:38] [Server thread/INFO]: ratchetweave92 lost connection: TextComponent{text='Disconnected', siblings=[], style=Style{hasParent=false, color=null, bold=null, italic=null, underlined=null, obfuscated=null, clickEvent=null, hoverEvent=null, insertion=null}}
[22:33:38] [Server thread/INFO]: ratchetweave92 left the game
[22:33:46] [Server thread/WARN]: Can't keep up! Did the system time change, or is the server overloaded? Running 2037ms behind, skipping 40 tick(s)
[22:33:53] [User Authenticator #3/INFO]: UUID of player ratchetweave92 is a6fd75a2-4d21-4e4a-b04c-60fad540ecae
[22:33:53] [Server thread/INFO]: ratchetweave92[/127.0.0.1:49671] logged in with entity id 53183 at (-1100.5818490960341, 66.42059339751499, -704.8788773368173)
[22:33:53] [Server thread/INFO]: ratchetweave92 joined the game
[22:34:04] [Server thread/WARN]: Can't keep up! Did the system time change, or is the server overloaded? Running 3020ms behind, skipping 60 tick(s)
[22:35:13] [Server thread/INFO]: ratchetweave92 lost connection: TextComponent{text='Disconnected', siblings=[], style=Style{hasParent=false, color=null, bold=null, italic=null, underlined=null, obfuscated=null, clickEvent=null, hoverEvent=null, insertion=null}}
[22:35:13] [Server thread/INFO]: ratchetweave92 left the game
[22:35:20] [Server thread/WARN]: Can't keep up! Did the system time change, or is the server overloaded? Running 2313ms behind, skipping 46 tick(s)
[22:35:30] [User Authenticator #4/INFO]: UUID of player ratchetweave92 is a6fd75a2-4d21-4e4a-b04c-60fad540ecae
[22:35:30] [Server thread/INFO]: ratchetweave92[/127.0.0.1:49677] logged in with entity id 54740 at (-1062.300000011921, 66.0, -693.324954909356)
[22:35:30] [Server thread/INFO]: ratchetweave92 joined the game
[22:35:37] [Server thread/WARN]: Can't keep up! Did the system time change, or is the server overloaded? Running 2114ms behind, skipping 42 tick(s)
[22:36:04] [Server thread/WARN]: Can't keep up! Did the system time change, or is the server overloaded? Running 11139ms behind, skipping 222 tick(s)
[22:36:18] [Server thread/WARN]: Can't keep up! Did the system time change, or is the server overloaded? Running 7467ms behind, skipping 149 tick(s)
[22:36:42] [Server thread/WARN]: Can't keep up! Did the system time change, or is the server overloaded? Running 10301ms behind, skipping 206 tick(s)
[22:36:56] [Server thread/WARN]: Can't keep up! Did the system time change, or is the server overloaded? Running 3014ms behind, skipping 60 tick(s)
[22:38:17] [Server thread/INFO]: ratchetweave92 lost connection: TextComponent{text='Disconnected', siblings=[], style=Style{hasParent=false, color=null, bold=null, italic=null, underlined=null, obfuscated=null, clickEvent=null, hoverEvent=null, insertion=null}}
[22:38:17] [Server thread/INFO]: ratchetweave92 left the game
[22:38:27] [User Authenticator #5/INFO]: UUID of player ratchetweave92 is a6fd75a2-4d21-4e4a-b04c-60fad540ecae
[22:38:27] [Server thread/INFO]: ratchetweave92[/127.0.0.1:49714] logged in with entity id 59182 at (-1091.647871550542, 63.0, -707.2812532674395)
[22:38:27] [Server thread/INFO]: ratchetweave92 joined the game
[22:52:15] [Server thread/INFO]: ratchetweave92 lost connection: TextComponent{text='Disconnected', siblings=[], style=Style{hasParent=false, color=null, bold=null, italic=null, underlined=null, obfuscated=null, clickEvent=null, hoverEvent=null, insertion=null}}
[22:52:15] [Server thread/INFO]: ratchetweave92 left the game
[22:52:22] [Server thread/INFO]: Stopping server
[22:52:22] [Server thread/INFO]: Saving players
[22:52:22] [Server thread/INFO]: tapickell lost connection: TextComponent{text='Server closed', siblings=[], style=Style{hasParent=false, color=null, bold=null, italic=null, underlined=null, obfuscated=null, clickEvent=null, hoverEvent=null, insertion=null}}
[22:52:22] [Server thread/INFO]: tapickell left the game
[22:52:22] [Server Shutdown Thread/INFO]: Stopping server
